z:\github\3dengine\engine\engine\x64\debug\vc142.pdb
z:\github\3dengine\engine\engine\x64\debug\vc142.idb
z:\github\3dengine\engine\engine\x64\debug\texture.obj
z:\github\3dengine\engine\engine\x64\debug\skydome.obj
z:\github\3dengine\engine\engine\x64\debug\skyboxrenderer.obj
z:\github\3dengine\engine\engine\x64\debug\shaderutility.obj
z:\github\3dengine\engine\engine\x64\debug\sceneone.obj
z:\github\3dengine\engine\engine\x64\debug\scenemanager.obj
z:\github\3dengine\engine\engine\x64\debug\modelrenderer.obj
z:\github\3dengine\engine\engine\x64\debug\model.obj
z:\github\3dengine\engine\engine\x64\debug\main.obj
z:\github\3dengine\engine\engine\x64\debug\gameengine.obj
z:\github\3dengine\engine\engine\x64\debug\environmentrenderer.obj
\\students.uce.ac.uk\filespace\mb20\tic\s19108410\github\3dengine\engine\engine\x64\debug\vc142.pdb
\\students.uce.ac.uk\filespace\mb20\tic\s19108410\github\3dengine\engine\engine\x64\debug\vc142.idb
\\students.uce.ac.uk\filespace\mb20\tic\s19108410\github\3dengine\engine\engine\x64\debug\texture.obj
\\students.uce.ac.uk\filespace\mb20\tic\s19108410\github\3dengine\engine\engine\x64\debug\terrain.obj
\\students.uce.ac.uk\filespace\mb20\tic\s19108410\github\3dengine\engine\engine\x64\debug\skydome.obj
\\students.uce.ac.uk\filespace\mb20\tic\s19108410\github\3dengine\engine\engine\x64\debug\skyboxrenderer.obj
\\students.uce.ac.uk\filespace\mb20\tic\s19108410\github\3dengine\engine\engine\x64\debug\shaderutility.obj
\\students.uce.ac.uk\filespace\mb20\tic\s19108410\github\3dengine\engine\engine\x64\debug\sceneone.obj
\\students.uce.ac.uk\filespace\mb20\tic\s19108410\github\3dengine\engine\engine\x64\debug\scenemanager.obj
\\students.uce.ac.uk\filespace\mb20\tic\s19108410\github\3dengine\engine\engine\x64\debug\modelrenderer.obj
\\students.uce.ac.uk\filespace\mb20\tic\s19108410\github\3dengine\engine\engine\x64\debug\model.obj
\\students.uce.ac.uk\filespace\mb20\tic\s19108410\github\3dengine\engine\engine\x64\debug\main.obj
\\students.uce.ac.uk\filespace\mb20\tic\s19108410\github\3dengine\engine\engine\x64\debug\gameengine.obj
\\students.uce.ac.uk\filespace\mb20\tic\s19108410\github\3dengine\engine\engine\x64\debug\environmentrenderer.obj
z:\github\3dengine\engine\x64\debug\engine.ilk
z:\github\3dengine\engine\x64\debug\engine.exe
z:\github\3dengine\engine\x64\debug\engine.pdb
\\students.uce.ac.uk\filespace\mb20\tic\s19108410\github\3dengine\engine\x64\debug\engine.exe
\\students.uce.ac.uk\filespace\mb20\tic\s19108410\github\3dengine\engine\x64\debug\engine.ilk
\\students.uce.ac.uk\filespace\mb20\tic\s19108410\github\3dengine\engine\x64\debug\engine.pdb
\\students.uce.ac.uk\filespace\mb20\tic\s19108410\github\3dengine\engine\engine\x64\debug\engine.tlog\cl.command.1.tlog
\\students.uce.ac.uk\filespace\mb20\tic\s19108410\github\3dengine\engine\engine\x64\debug\engine.tlog\cl.read.1.tlog
\\students.uce.ac.uk\filespace\mb20\tic\s19108410\github\3dengine\engine\engine\x64\debug\engine.tlog\cl.write.1.tlog
\\students.uce.ac.uk\filespace\mb20\tic\s19108410\github\3dengine\engine\engine\x64\debug\engine.tlog\link.command.1.tlog
\\students.uce.ac.uk\filespace\mb20\tic\s19108410\github\3dengine\engine\engine\x64\debug\engine.tlog\link.read.1.tlog
\\students.uce.ac.uk\filespace\mb20\tic\s19108410\github\3dengine\engine\engine\x64\debug\engine.tlog\link.write.1.tlog
