  EnvironmentRenderer.cpp
E:\Projects\Github\3DEngine\Engine\Engine\Camera.h(60,11): warning C4244: 'return': conversion from 'int' to 'float', possible loss of data
E:\Projects\Github\3DEngine\Engine\Engine\Camera.h(64,11): warning C4244: 'return': conversion from 'int' to 'float', possible loss of data
E:\Projects\Github\3DEngine\Engine\Engine\Camera.h(128,16): warning C4244: '=': conversion from 'float' to 'int', possible loss of data
E:\Projects\Github\3DEngine\Engine\Engine\Camera.h(132,16): warning C4244: '=': conversion from 'float' to 'int', possible loss of data
  GameEngine.cpp
E:\Projects\Github\3DEngine\Engine\Engine\Camera.h(60,11): warning C4244: 'return': conversion from 'int' to 'float', possible loss of data
E:\Projects\Github\3DEngine\Engine\Engine\Camera.h(64,11): warning C4244: 'return': conversion from 'int' to 'float', possible loss of data
E:\Projects\Github\3DEngine\Engine\Engine\Camera.h(128,16): warning C4244: '=': conversion from 'float' to 'int', possible loss of data
E:\Projects\Github\3DEngine\Engine\Engine\Camera.h(132,16): warning C4244: '=': conversion from 'float' to 'int', possible loss of data
  main.cpp
E:\Projects\Github\3DEngine\Engine\Engine\Camera.h(60,11): warning C4244: 'return': conversion from 'int' to 'float', possible loss of data
E:\Projects\Github\3DEngine\Engine\Engine\Camera.h(64,11): warning C4244: 'return': conversion from 'int' to 'float', possible loss of data
E:\Projects\Github\3DEngine\Engine\Engine\Camera.h(128,16): warning C4244: '=': conversion from 'float' to 'int', possible loss of data
E:\Projects\Github\3DEngine\Engine\Engine\Camera.h(132,16): warning C4244: '=': conversion from 'float' to 'int', possible loss of data
  ModelRenderer.cpp
E:\Projects\Github\3DEngine\Engine\Engine\Camera.h(60,11): warning C4244: 'return': conversion from 'int' to 'float', possible loss of data
E:\Projects\Github\3DEngine\Engine\Engine\Camera.h(64,11): warning C4244: 'return': conversion from 'int' to 'float', possible loss of data
E:\Projects\Github\3DEngine\Engine\Engine\Camera.h(128,16): warning C4244: '=': conversion from 'float' to 'int', possible loss of data
E:\Projects\Github\3DEngine\Engine\Engine\Camera.h(132,16): warning C4244: '=': conversion from 'float' to 'int', possible loss of data
  SceneOne.cpp
E:\Projects\Github\3DEngine\Engine\Engine\Camera.h(60,11): warning C4244: 'return': conversion from 'int' to 'float', possible loss of data
E:\Projects\Github\3DEngine\Engine\Engine\Camera.h(64,11): warning C4244: 'return': conversion from 'int' to 'float', possible loss of data
E:\Projects\Github\3DEngine\Engine\Engine\Camera.h(128,16): warning C4244: '=': conversion from 'float' to 'int', possible loss of data
E:\Projects\Github\3DEngine\Engine\Engine\Camera.h(132,16): warning C4244: '=': conversion from 'float' to 'int', possible loss of data
  Skydome.cpp
E:\Projects\Github\3DEngine\Engine\Engine\Skydome.cpp(21,21): warning C4244: 'initializing': conversion from 'double' to 'float', possible loss of data
E:\Projects\Github\3DEngine\Engine\Engine\Skydome.cpp(22,23): warning C4244: 'initializing': conversion from 'double' to 'float', possible loss of data
E:\Projects\Github\3DEngine\Engine\Engine\Skydome.cpp(30,23): warning C4244: '=': conversion from 'double' to 'float', possible loss of data
E:\Projects\Github\3DEngine\Engine\Engine\Skydome.cpp(67,38): warning C4267: '=': conversion from 'size_t' to 'int', possible loss of data
  Generating Code...
  Engine.vcxproj -> E:\Projects\Github\3DEngine\Engine\x64\Debug\Engine.exe
