z:\github\3dengine\engine\engine\x64\release\vc142.pdb
z:\github\3dengine\engine\engine\x64\release\texture.obj
z:\github\3dengine\engine\engine\x64\release\skydome.obj
z:\github\3dengine\engine\engine\x64\release\skyboxrenderer.obj
z:\github\3dengine\engine\engine\x64\release\shaderutility.obj
z:\github\3dengine\engine\engine\x64\release\sceneone.obj
z:\github\3dengine\engine\engine\x64\release\scenemanager.obj
z:\github\3dengine\engine\engine\x64\release\modelrenderer.obj
z:\github\3dengine\engine\engine\x64\release\model.obj
z:\github\3dengine\engine\engine\x64\release\main.obj
z:\github\3dengine\engine\engine\x64\release\gameengine.obj
z:\github\3dengine\engine\engine\x64\release\environmentrenderer.obj
z:\github\3dengine\engine\x64\release\engine.pdb
z:\github\3dengine\engine\engine\x64\release\engine.tlog\cl.command.1.tlog
z:\github\3dengine\engine\engine\x64\release\engine.tlog\cl.read.1.tlog
z:\github\3dengine\engine\engine\x64\release\engine.tlog\cl.write.1.tlog
z:\github\3dengine\engine\engine\x64\release\engine.tlog\link.11280.read.1.tlog
z:\github\3dengine\engine\engine\x64\release\engine.tlog\link.11280.write.1.tlog
z:\github\3dengine\engine\engine\x64\release\engine.tlog\link.command.1.tlog
z:\github\3dengine\engine\engine\x64\release\engine.tlog\link.read.1.tlog
z:\github\3dengine\engine\engine\x64\release\engine.tlog\link.write.1.tlog
