  EnvironmentRenderer.cpp
Z:\GitHub\3DEngine\Engine\Engine\Camera.h(60,11): warning C4244: 'return': conversion from 'int' to 'float', possible loss of data
Z:\GitHub\3DEngine\Engine\Engine\Camera.h(64,11): warning C4244: 'return': conversion from 'int' to 'float', possible loss of data
Z:\GitHub\3DEngine\Engine\Engine\Camera.h(128,16): warning C4244: '=': conversion from 'float' to 'int', possible loss of data
Z:\GitHub\3DEngine\Engine\Engine\Camera.h(132,16): warning C4244: '=': conversion from 'float' to 'int', possible loss of data
  GameEngine.cpp
Z:\GitHub\3DEngine\Engine\Engine\Camera.h(60,11): warning C4244: 'return': conversion from 'int' to 'float', possible loss of data
Z:\GitHub\3DEngine\Engine\Engine\Camera.h(64,11): warning C4244: 'return': conversion from 'int' to 'float', possible loss of data
Z:\GitHub\3DEngine\Engine\Engine\Camera.h(128,16): warning C4244: '=': conversion from 'float' to 'int', possible loss of data
Z:\GitHub\3DEngine\Engine\Engine\Camera.h(132,16): warning C4244: '=': conversion from 'float' to 'int', possible loss of data
Z:\GitHub\3DEngine\Engine\Engine\OBJLoader.h(44,22): warning C4018: '<': signed/unsigned mismatch
Z:\GitHub\3DEngine\Engine\Engine\OBJLoader.h(96,22): warning C4018: '<': signed/unsigned mismatch
  main.cpp
Z:\GitHub\3DEngine\Engine\Engine\Camera.h(60,11): warning C4244: 'return': conversion from 'int' to 'float', possible loss of data
Z:\GitHub\3DEngine\Engine\Engine\Camera.h(64,11): warning C4244: 'return': conversion from 'int' to 'float', possible loss of data
Z:\GitHub\3DEngine\Engine\Engine\Camera.h(128,16): warning C4244: '=': conversion from 'float' to 'int', possible loss of data
Z:\GitHub\3DEngine\Engine\Engine\Camera.h(132,16): warning C4244: '=': conversion from 'float' to 'int', possible loss of data
Z:\GitHub\3DEngine\Engine\Engine\OBJLoader.h(44,22): warning C4018: '<': signed/unsigned mismatch
Z:\GitHub\3DEngine\Engine\Engine\OBJLoader.h(96,22): warning C4018: '<': signed/unsigned mismatch
  Model.cpp
Z:\GitHub\3DEngine\Engine\Engine\OBJLoader.h(44,22): warning C4018: '<': signed/unsigned mismatch
Z:\GitHub\3DEngine\Engine\Engine\OBJLoader.h(96,22): warning C4018: '<': signed/unsigned mismatch
Z:\GitHub\3DEngine\Engine\Engine\Model.cpp(12,18): warning C4244: 'argument': conversion from 'time_t' to 'unsigned int', possible loss of data
Z:\GitHub\3DEngine\Engine\Engine\Model.cpp(13,21): warning C4018: '<': signed/unsigned mismatch
  ModelRenderer.cpp
Z:\GitHub\3DEngine\Engine\Engine\Camera.h(60,11): warning C4244: 'return': conversion from 'int' to 'float', possible loss of data
Z:\GitHub\3DEngine\Engine\Engine\Camera.h(64,11): warning C4244: 'return': conversion from 'int' to 'float', possible loss of data
Z:\GitHub\3DEngine\Engine\Engine\Camera.h(128,16): warning C4244: '=': conversion from 'float' to 'int', possible loss of data
Z:\GitHub\3DEngine\Engine\Engine\Camera.h(132,16): warning C4244: '=': conversion from 'float' to 'int', possible loss of data
Z:\GitHub\3DEngine\Engine\Engine\OBJLoader.h(44,22): warning C4018: '<': signed/unsigned mismatch
Z:\GitHub\3DEngine\Engine\Engine\OBJLoader.h(96,22): warning C4018: '<': signed/unsigned mismatch
  SceneManager.cpp
Z:\GitHub\3DEngine\Engine\Engine\Camera.h(60,11): warning C4244: 'return': conversion from 'int' to 'float', possible loss of data
Z:\GitHub\3DEngine\Engine\Engine\Camera.h(64,11): warning C4244: 'return': conversion from 'int' to 'float', possible loss of data
Z:\GitHub\3DEngine\Engine\Engine\Camera.h(128,16): warning C4244: '=': conversion from 'float' to 'int', possible loss of data
Z:\GitHub\3DEngine\Engine\Engine\Camera.h(132,16): warning C4244: '=': conversion from 'float' to 'int', possible loss of data
  SceneOne.cpp
Z:\GitHub\3DEngine\Engine\Engine\Camera.h(60,11): warning C4244: 'return': conversion from 'int' to 'float', possible loss of data
Z:\GitHub\3DEngine\Engine\Engine\Camera.h(64,11): warning C4244: 'return': conversion from 'int' to 'float', possible loss of data
Z:\GitHub\3DEngine\Engine\Engine\Camera.h(128,16): warning C4244: '=': conversion from 'float' to 'int', possible loss of data
Z:\GitHub\3DEngine\Engine\Engine\Camera.h(132,16): warning C4244: '=': conversion from 'float' to 'int', possible loss of data
Z:\GitHub\3DEngine\Engine\Engine\OBJLoader.h(44,22): warning C4018: '<': signed/unsigned mismatch
Z:\GitHub\3DEngine\Engine\Engine\OBJLoader.h(96,22): warning C4018: '<': signed/unsigned mismatch
Z:\GitHub\3DEngine\Engine\Engine\SceneOne.cpp(94,46): warning C4305: 'argument': truncation from 'double' to 'float'
Z:\GitHub\3DEngine\Engine\Engine\SceneOne.cpp(150,57): warning C4244: 'argument': conversion from 'double' to 'float', possible loss of data
Z:\GitHub\3DEngine\Engine\Engine\SceneOne.cpp(151,57): warning C4244: 'argument': conversion from 'double' to 'float', possible loss of data
  ShaderUtility.cpp
  SkyBoxRenderer.cpp
Z:\GitHub\3DEngine\Engine\Engine\Camera.h(60,11): warning C4244: 'return': conversion from 'int' to 'float', possible loss of data
Z:\GitHub\3DEngine\Engine\Engine\Camera.h(64,11): warning C4244: 'return': conversion from 'int' to 'float', possible loss of data
Z:\GitHub\3DEngine\Engine\Engine\Camera.h(128,16): warning C4244: '=': conversion from 'float' to 'int', possible loss of data
Z:\GitHub\3DEngine\Engine\Engine\Camera.h(132,16): warning C4244: '=': conversion from 'float' to 'int', possible loss of data
  Skydome.cpp
Z:\GitHub\3DEngine\Engine\Engine\Skydome.cpp(21,21): warning C4244: 'initializing': conversion from 'double' to 'float', possible loss of data
Z:\GitHub\3DEngine\Engine\Engine\Skydome.cpp(22,23): warning C4244: 'initializing': conversion from 'double' to 'float', possible loss of data
Z:\GitHub\3DEngine\Engine\Engine\Skydome.cpp(30,23): warning C4244: '=': conversion from 'double' to 'float', possible loss of data
Z:\GitHub\3DEngine\Engine\Engine\Skydome.cpp(70,21): warning C4018: '<': signed/unsigned mismatch
  Texture.cpp
  Generating Code...
SkyBoxRenderer.obj : error LNK2019: unresolved external symbol _IMG_Load referenced in function "private: void __thiscall GE::SkyboxRenderer::CreateCubemap(class std::vector<class std::basic_string<char,struct std::char_traits<char>,class std::allocator<char> >,class std::allocator<class std::basic_string<char,struct std::char_traits<char>,class std::allocator<char> > > >)" (?CreateCubemap@SkyboxRenderer@GE@@AAEXV?$vector@V?$basic_string@DU?$char_traits@D@std@@V?$allocator@D@2@@std@@V?$allocator@V?$basic_string@DU?$char_traits@D@std@@V?$allocator@D@2@@std@@@2@@std@@@Z)
Texture.obj : error LNK2001: unresolved external symbol _IMG_Load
Z:\GitHub\3DEngine\Engine\Debug\Engine.exe : fatal error LNK1120: 1 unresolved externals
