  EnvironmentRenderer.cpp
E:\Projects\Github\3DEngine\Engine\Engine\Camera.h(60,11): warning C4244: 'return': conversion from 'int' to 'float', possible loss of data
E:\Projects\Github\3DEngine\Engine\Engine\Camera.h(64,11): warning C4244: 'return': conversion from 'int' to 'float', possible loss of data
E:\Projects\Github\3DEngine\Engine\Engine\Camera.h(128,16): warning C4244: '=': conversion from 'float' to 'int', possible loss of data
E:\Projects\Github\3DEngine\Engine\Engine\Camera.h(132,16): warning C4244: '=': conversion from 'float' to 'int', possible loss of data
  GameEngine.cpp
E:\Projects\Github\3DEngine\Engine\Engine\Camera.h(60,11): warning C4244: 'return': conversion from 'int' to 'float', possible loss of data
E:\Projects\Github\3DEngine\Engine\Engine\Camera.h(64,11): warning C4244: 'return': conversion from 'int' to 'float', possible loss of data
E:\Projects\Github\3DEngine\Engine\Engine\Camera.h(128,16): warning C4244: '=': conversion from 'float' to 'int', possible loss of data
E:\Projects\Github\3DEngine\Engine\Engine\Camera.h(132,16): warning C4244: '=': conversion from 'float' to 'int', possible loss of data
E:\Projects\Github\3DEngine\Engine\Engine\Model.h(26,1): warning C4267: '=': conversion from 'size_t' to 'int', possible loss of data
  main.cpp
E:\Projects\Github\3DEngine\Engine\Engine\Camera.h(60,11): warning C4244: 'return': conversion from 'int' to 'float', possible loss of data
E:\Projects\Github\3DEngine\Engine\Engine\Camera.h(64,11): warning C4244: 'return': conversion from 'int' to 'float', possible loss of data
E:\Projects\Github\3DEngine\Engine\Engine\Camera.h(128,16): warning C4244: '=': conversion from 'float' to 'int', possible loss of data
E:\Projects\Github\3DEngine\Engine\Engine\Camera.h(132,16): warning C4244: '=': conversion from 'float' to 'int', possible loss of data
E:\Projects\Github\3DEngine\Engine\Engine\Model.h(26,1): warning C4267: '=': conversion from 'size_t' to 'int', possible loss of data
  Model.cpp
E:\Projects\Github\3DEngine\Engine\Engine\Model.h(26,1): warning C4267: '=': conversion from 'size_t' to 'int', possible loss of data
E:\Projects\Github\3DEngine\Engine\Engine\Model.cpp(13,18): warning C4244: 'argument': conversion from 'time_t' to 'unsigned int', possible loss of data
E:\Projects\Github\3DEngine\Engine\Engine\Model.cpp(21,40): warning C4267: '=': conversion from 'size_t' to 'int', possible loss of data
  ModelRenderer.cpp
E:\Projects\Github\3DEngine\Engine\Engine\Camera.h(60,11): warning C4244: 'return': conversion from 'int' to 'float', possible loss of data
E:\Projects\Github\3DEngine\Engine\Engine\Camera.h(64,11): warning C4244: 'return': conversion from 'int' to 'float', possible loss of data
E:\Projects\Github\3DEngine\Engine\Engine\Camera.h(128,16): warning C4244: '=': conversion from 'float' to 'int', possible loss of data
E:\Projects\Github\3DEngine\Engine\Engine\Camera.h(132,16): warning C4244: '=': conversion from 'float' to 'int', possible loss of data
E:\Projects\Github\3DEngine\Engine\Engine\Model.h(26,1): warning C4267: '=': conversion from 'size_t' to 'int', possible loss of data
  OrthoSpriteRenderer.cpp
  SceneManager.cpp
E:\Projects\Github\3DEngine\Engine\Engine\Camera.h(60,11): warning C4244: 'return': conversion from 'int' to 'float', possible loss of data
E:\Projects\Github\3DEngine\Engine\Engine\Camera.h(64,11): warning C4244: 'return': conversion from 'int' to 'float', possible loss of data
E:\Projects\Github\3DEngine\Engine\Engine\Camera.h(128,16): warning C4244: '=': conversion from 'float' to 'int', possible loss of data
E:\Projects\Github\3DEngine\Engine\Engine\Camera.h(132,16): warning C4244: '=': conversion from 'float' to 'int', possible loss of data
  SceneOne.cpp
E:\Projects\Github\3DEngine\Engine\Engine\Camera.h(60,11): warning C4244: 'return': conversion from 'int' to 'float', possible loss of data
E:\Projects\Github\3DEngine\Engine\Engine\Camera.h(64,11): warning C4244: 'return': conversion from 'int' to 'float', possible loss of data
E:\Projects\Github\3DEngine\Engine\Engine\Camera.h(128,16): warning C4244: '=': conversion from 'float' to 'int', possible loss of data
E:\Projects\Github\3DEngine\Engine\Engine\Camera.h(132,16): warning C4244: '=': conversion from 'float' to 'int', possible loss of data
E:\Projects\Github\3DEngine\Engine\Engine\Model.h(26,1): warning C4267: '=': conversion from 'size_t' to 'int', possible loss of data
E:\Projects\Github\3DEngine\Engine\Engine\SceneOne.cpp(108,47): warning C4305: 'argument': truncation from 'double' to 'float'
E:\Projects\Github\3DEngine\Engine\Engine\SceneOne.cpp(164,57): warning C4244: 'argument': conversion from 'double' to 'float', possible loss of data
E:\Projects\Github\3DEngine\Engine\Engine\SceneOne.cpp(165,57): warning C4244: 'argument': conversion from 'double' to 'float', possible loss of data
  ShaderUtility.cpp
  SkyBoxRenderer.cpp
E:\Projects\Github\3DEngine\Engine\Engine\Camera.h(60,11): warning C4244: 'return': conversion from 'int' to 'float', possible loss of data
E:\Projects\Github\3DEngine\Engine\Engine\Camera.h(64,11): warning C4244: 'return': conversion from 'int' to 'float', possible loss of data
E:\Projects\Github\3DEngine\Engine\Engine\Camera.h(128,16): warning C4244: '=': conversion from 'float' to 'int', possible loss of data
E:\Projects\Github\3DEngine\Engine\Engine\Camera.h(132,16): warning C4244: '=': conversion from 'float' to 'int', possible loss of data
  Skydome.cpp
E:\Projects\Github\3DEngine\Engine\Engine\Skydome.cpp(21,21): warning C4244: 'initializing': conversion from 'double' to 'float', possible loss of data
E:\Projects\Github\3DEngine\Engine\Engine\Skydome.cpp(22,23): warning C4244: 'initializing': conversion from 'double' to 'float', possible loss of data
E:\Projects\Github\3DEngine\Engine\Engine\Skydome.cpp(30,23): warning C4244: '=': conversion from 'double' to 'float', possible loss of data
E:\Projects\Github\3DEngine\Engine\Engine\Skydome.cpp(76,33): warning C4267: '=': conversion from 'size_t' to 'int', possible loss of data
  Terrain.cpp
E:\Projects\Github\3DEngine\Engine\Engine\Model.h(26,1): warning C4267: '=': conversion from 'size_t' to 'int', possible loss of data
  Texture.cpp
  WaterRenderer.cpp
E:\Projects\Github\3DEngine\Engine\Engine\Camera.h(60,11): warning C4244: 'return': conversion from 'int' to 'float', possible loss of data
E:\Projects\Github\3DEngine\Engine\Engine\Camera.h(64,11): warning C4244: 'return': conversion from 'int' to 'float', possible loss of data
E:\Projects\Github\3DEngine\Engine\Engine\Camera.h(128,16): warning C4244: '=': conversion from 'float' to 'int', possible loss of data
E:\Projects\Github\3DEngine\Engine\Engine\Camera.h(132,16): warning C4244: '=': conversion from 'float' to 'int', possible loss of data
E:\Projects\Github\3DEngine\Engine\Engine\Model.h(26,1): warning C4267: '=': conversion from 'size_t' to 'int', possible loss of data
E:\Projects\Github\3DEngine\Engine\Engine\WaterRenderer.cpp(176,34): warning C4244: '=': conversion from 'GLint' to 'float', possible loss of data
  Generating code
  Previous IPDB was built with incompatible compiler, fall back to full compilation.
  All 917 functions were compiled because no usable IPDB/IOBJ from previous compilation was found.
  Finished generating code
  Engine.vcxproj -> E:\Projects\Github\3DEngine\Engine\x64\Release\Engine.exe
